0 info it worked if it ends with ok
1 verbose cli [ 'c:\\Program Files\\nodejs\\node.exe',
1 verbose cli   'c:\\Program Files\\nodejs\\node_modules\\npm\\bin\\npm-cli.js',
1 verbose cli   'start' ]
2 info using npm@1.3.24
3 info using node@v0.10.25
4 verbose run-script [ 'prestart', 'start', 'poststart' ]
5 info prestart farseer@0.0.0
6 info start farseer@0.0.0
7 verbose unsafe-perm in lifecycle true
8 error Error: spawn ENOENT
8 error     at errnoException (child_process.js:988:11)
8 error     at Process.ChildProcess._handle.onexit (child_process.js:779:34)
9 error If you need help, you may report this *entire* log,
9 error including the npm and node versions, at:
9 error     <http://github.com/isaacs/npm/issues>
10 error System Windows_NT 6.1.7601
11 error command "c:\\Program Files\\nodejs\\node.exe" "c:\\Program Files\\nodejs\\node_modules\\npm\\bin\\npm-cli.js" "start"
12 error cwd c:\Users\gilko\Workspace\Farseer
13 error node -v v0.10.25
14 error npm -v 1.3.24
15 error syscall spawn
16 error code ENOENT
17 error errno ENOENT
18 verbose exit [ 1, true ]
